2023-01-22 23:45:44.059  INFO 8236 --- [main] c.d.MyBooksApi.MyBooksApiApplication     : Starting MyBooksApiApplication using Java 1.8.0_202 on ETZ-NWAG-TECH with PID 8236 (C:\Users\david.nwagwu\Desktop\PROJECT FOLDER\MyBooksApi\target\classes started by David.Nwagwu in C:\Users\david.nwagwu\Desktop\PROJECT FOLDER\MyBooksApi)
2023-01-22 23:45:44.070  INFO 8236 --- [main] c.d.MyBooksApi.MyBooksApiApplication     : No active profile set, falling back to 1 default profile: "default"
2023-01-22 23:45:44.904  INFO 8236 --- [main] .s.d.r.c.RepositoryConfigurationDelegate : Bootstrapping Spring Data JPA repositories in DEFAULT mode.
2023-01-22 23:45:44.967  INFO 8236 --- [main] .s.d.r.c.RepositoryConfigurationDelegate : Finished Spring Data repository scanning in 51 ms. Found 2 JPA repository interfaces.
2023-01-22 23:45:45.627  INFO 8236 --- [main] o.s.b.w.embedded.tomcat.TomcatWebServer  : Tomcat initialized with port(s): 8010 (http)
2023-01-22 23:45:45.637  INFO 8236 --- [main] o.apache.catalina.core.StandardService   : Starting service [Tomcat]
2023-01-22 23:45:45.637  INFO 8236 --- [main] org.apache.catalina.core.StandardEngine  : Starting Servlet engine: [Apache Tomcat/9.0.68]
2023-01-22 23:45:45.896  INFO 8236 --- [main] o.a.c.c.C.[Tomcat].[localhost].[/]       : Initializing Spring embedded WebApplicationContext
2023-01-22 23:45:45.897  INFO 8236 --- [main] w.s.c.ServletWebServerApplicationContext : Root WebApplicationContext: initialization completed in 1768 ms
2023-01-22 23:45:46.041  INFO 8236 --- [main] o.hibernate.jpa.internal.util.LogHelper  : HHH000204: Processing PersistenceUnitInfo [name: default]
2023-01-22 23:45:46.117  INFO 8236 --- [main] org.hibernate.Version                    : HHH000412: Hibernate ORM core version 5.6.12.Final
2023-01-22 23:45:46.433  INFO 8236 --- [main] o.hibernate.annotations.common.Version   : HCANN000001: Hibernate Commons Annotations {5.1.2.Final}
2023-01-22 23:45:46.594  INFO 8236 --- [main] com.zaxxer.hikari.HikariDataSource       : HikariPool-1 - Starting...
2023-01-22 23:45:50.745  INFO 8236 --- [main] com.zaxxer.hikari.HikariDataSource       : HikariPool-1 - Start completed.
2023-01-22 23:45:50.772  INFO 8236 --- [main] org.hibernate.dialect.Dialect            : HHH000400: Using dialect: org.hibernate.dialect.MySQL5InnoDBDialect
2023-01-22 23:45:55.566  INFO 8236 --- [main] o.h.e.t.j.p.i.JtaPlatformInitiator       : HHH000490: Using JtaPlatform implementation: [org.hibernate.engine.transaction.jta.platform.internal.NoJtaPlatform]
2023-01-22 23:45:55.594  INFO 8236 --- [main] j.LocalContainerEntityManagerFactoryBean : Initialized JPA EntityManagerFactory for persistence unit 'default'
2023-01-22 23:45:56.067  WARN 8236 --- [main] JpaBaseConfiguration$JpaWebConfiguration : spring.jpa.open-in-view is enabled by default. Therefore, database queries may be performed during view rendering. Explicitly configure spring.jpa.open-in-view to disable this warning
2023-01-22 23:45:56.402  INFO 8236 --- [main] o.s.b.w.embedded.tomcat.TomcatWebServer  : Tomcat started on port(s): 8010 (http) with context path ''
2023-01-22 23:45:56.417  INFO 8236 --- [main] c.d.MyBooksApi.MyBooksApiApplication     : Started MyBooksApiApplication in 12.952 seconds (JVM running for 14.279)
